#
# A fatal error has been detected by the Java Runtime Environment:
#
#  EXCEPTION_ACCESS_VIOLATION (0xc0000005) at pc=0x000000005878a0a5, pid=19028, tid=0x00000000000035e4
#
# JRE version: Java(TM) SE Runtime Environment (8.0_101-b13) (build 1.8.0_101-b13)
# Java VM: Java HotSpot(TM) 64-Bit Server VM (25.101-b13 mixed mode windows-amd64 compressed oops)
# Problematic frame:
# V  [jvm.dll+0x12a0a5]
#
# Failed to write core dump. Minidumps are not enabled by default on client versions of Windows
#
# If you would like to submit a bug report, please visit:
#   http://bugreport.java.com/bugreport/crash.jsp
#

---------------  T H R E A D  ---------------

Current thread (0x000000001c41a800):  JavaThread "JDWP Transport Listener: dt_socket" daemon [_thread_in_vm, id=13796, stack(0x000000001ddd0000,0x000000001ded0000)]

siginfo: ExceptionCode=0xc0000005, reading address 0x0000002b0056293b

Registers:
RAX=0x000000001decf101, RBX=0x000000001c41a800, RCX=0x0000002b0056293b, RDX=0x0000000000000000
RSP=0x000000001decf0e0, RBP=0x0000002b0056293b, RSI=0x000000001decf1f8, RDI=0x0000000003089080
R8 =0x000000001c41a800, R9 =0x0000000000008000, R10=0x000000001ea7e610, R11=0x000000001e1d7e58
R12=0x0000000000000000, R13=0x000000001c425e48, R14=0x0000000000000000, R15=0x0000000000000000
RIP=0x000000005878a0a5, EFLAGS=0x0000000000010202

Top of Stack: (sp=0x000000001decf0e0)
0x000000001decf0e0:   000000001c41a800 000000001c41a800
0x000000001decf0f0:   000000001decf1a8 0000000058992f0b
0x000000001decf100:   000000001c41a800 00000000589af76d
0x000000001decf110:   0000000000000000 0000000059ee9155
0x000000001decf120:   000000001e419840 0000000059ef291e
0x000000001decf130:   000000001c41a800 0000000000000000
0x000000001decf140:   0000000000000000 0000000000000000
0x000000001decf150:   0000002b0056293b 0000000059ef1a15
0x000000001decf160:   000000001decf1f8 000000001decf1d0
0x000000001decf170:   0000000000000001 000000001e419840
0x000000001decf180:   0000002b0056293b 0000000059ed53b3
0x000000001decf190:   000000001decf2c0 0000000000000001
0x000000001decf1a0:   0000000000000001 000000001e419840
0x000000001decf1b0:   00000000f000100a 0000000000000000
0x000000001decf1c0:   0000000000000000 0000000000000000
0x000000001decf1d0:   0000000000000001 0000000059ed5571 

Instructions: (pc=0x000000005878a0a5)
0x000000005878a085:   cc cc cc cc cc cc cc cc cc cc cc 48 83 ec 28 48
0x000000005878a095:   85 c9 75 07 33 c0 48 83 c4 28 c3 48 89 5c 24 20
0x000000005878a0a5:   48 8b 19 48 85 db 74 20 48 83 fb 37 74 1a 48 8b
0x000000005878a0b5:   13 48 8b cb ff 52 10 84 c0 74 0d 48 8b c3 48 8b 


Register to memory mapping:

RAX=0x000000001decf101 is pointing into the stack for thread: 0x000000001c41a800
RBX=0x000000001c41a800 is a thread
RCX=0x0000002b0056293b is an unknown value
RDX=0x0000000000000000 is an unknown value
RSP=0x000000001decf0e0 is pointing into the stack for thread: 0x000000001c41a800
RBP=0x0000002b0056293b is an unknown value
RSI=0x000000001decf1f8 is pointing into the stack for thread: 0x000000001c41a800
RDI=0x0000000003089080 is an unknown value
R8 =0x000000001c41a800 is a thread
R9 =0x0000000000008000 is an unknown value
R10=0x000000001ea7e610 is an unknown value
R11=0x000000001e1d7e58 is an unknown value
R12=0x0000000000000000 is an unknown value
R13=0x000000001c425e48 is an unknown value
R14=0x0000000000000000 is an unknown value
R15=0x0000000000000000 is an unknown value


Stack: [0x000000001ddd0000,0x000000001ded0000],  sp=0x000000001decf0e0,  free space=1020k
Native frames: (J=compiled Java code, j=interpreted, Vv=VM code, C=native code)
V  [jvm.dll+0x12a0a5]
V  [jvm.dll+0x34f76d]
C  [jdwp.dll+0x21a15]
C  [jdwp.dll+0x53b3]
C  [jdwp.dll+0x5571]
C  [jdwp.dll+0xf0a8]
C  [jdwp.dll+0x1f2d5]
C  [jdwp.dll+0x1f4aa]
V  [jvm.dll+0x1bd258]
V  [jvm.dll+0x2451a4]
V  [jvm.dll+0x29c18a]
C  [msvcr100.dll+0x21d9f]
C  [msvcr100.dll+0x21e3b]
C  [KERNEL32.DLL+0x12774]
C  [ntdll.dll+0x70d51]


---------------  P R O C E S S  ---------------

Java Threads: ( => current thread )
  0x000000001e218800 JavaThread "Service Thread" daemon [_thread_blocked, id=6744, stack(0x000000001e7d0000,0x000000001e8d0000)]
  0x000000001c46a800 JavaThread "C1 CompilerThread2" daemon [_thread_blocked, id=2204, stack(0x000000001e6d0000,0x000000001e7d0000)]
  0x000000001c469800 JavaThread "C2 CompilerThread1" daemon [_thread_blocked, id=11280, stack(0x000000001e5d0000,0x000000001e6d0000)]
  0x000000001c438000 JavaThread "C2 CompilerThread0" daemon [_thread_blocked, id=17652, stack(0x000000001e0d0000,0x000000001e1d0000)]
  0x000000001c42d000 JavaThread "JDWP Command Reader" daemon [_thread_in_native, id=12036, stack(0x000000001dfd0000,0x000000001e0d0000)]
  0x000000001c428800 JavaThread "JDWP Event Helper Thread" daemon [_thread_blocked, id=20012, stack(0x000000001ded0000,0x000000001dfd0000)]
=>0x000000001c41a800 JavaThread "JDWP Transport Listener: dt_socket" daemon [_thread_in_vm, id=13796, stack(0x000000001ddd0000,0x000000001ded0000)]
  0x000000001c410800 JavaThread "Attach Listener" daemon [_thread_blocked, id=18944, stack(0x000000001d990000,0x000000001da90000)]
  0x000000001c40f800 JavaThread "Signal Dispatcher" daemon [_thread_blocked, id=16264, stack(0x000000001d890000,0x000000001d990000)]
  0x000000000328e000 JavaThread "Finalizer" daemon [_thread_blocked, id=16308, stack(0x000000001d670000,0x000000001d770000)]
  0x0000000003283000 JavaThread "Reference Handler" daemon [_thread_blocked, id=18872, stack(0x000000001d570000,0x000000001d670000)]
  0x0000000003194000 JavaThread "main" [_thread_blocked, id=19832, stack(0x0000000003090000,0x0000000003190000)]

Other Threads:
  0x000000001c3d7800 VMThread [stack: 0x000000001d470000,0x000000001d570000] [id=16752]
  0x000000001e230800 WatcherThread [stack: 0x000000001e8d0000,0x000000001e9d0000] [id=15120]

VM state:not at safepoint (normal execution)

VM Mutex/Monitor currently owned by a thread: None

Heap:
 PSYoungGen      total 74240K, used 7680K [0x000000076db80000, 0x0000000772e00000, 0x00000007c0000000)
  eden space 64000K, 12% used [0x000000076db80000,0x000000076e300078,0x0000000771a00000)
  from space 10240K, 0% used [0x0000000772400000,0x0000000772400000,0x0000000772e00000)
  to   space 10240K, 0% used [0x0000000771a00000,0x0000000771a00000,0x0000000772400000)
 ParOldGen       total 169472K, used 0K [0x00000006c9200000, 0x00000006d3780000, 0x000000076db80000)
  object space 169472K, 0% used [0x00000006c9200000,0x00000006c9200000,0x00000006d3780000)
 Metaspace       used 4308K, capacity 4912K, committed 5248K, reserved 1056768K
  class space    used 479K, capacity 538K, committed 640K, reserved 1048576K

Card table byte_map: [0x0000000012650000,0x0000000012e10000] byte_map_base: 0x000000000f007000

Marking Bits: (ParMarkBitMap*) 0x0000000058e7a6d0
 Begin Bits: [0x0000000013740000, 0x00000000174f8000)
 End Bits:   [0x00000000174f8000, 0x000000001b2b0000)

Polling page: 0x0000000001880000

CodeCache: size=245760Kb used=1737Kb max_used=1737Kb free=244022Kb
 bounds [0x0000000003290000, 0x0000000003500000, 0x0000000012290000]
 total_blobs=567 nmethods=318 adapters=170
 compilation: enabled

Compilation events (10 events):
Event: 16.060 Thread 0x000000001c46a800  312       3       java.util.regex.Pattern::isSupplementary (20 bytes)
Event: 16.060 Thread 0x000000001c46a800 nmethod 312 0x000000000343fc10 code [0x000000000343fd80, 0x0000000003440050]
Event: 16.060 Thread 0x000000001c46a800  316       3       java.util.regex.Pattern::peek (26 bytes)
Event: 16.060 Thread 0x000000001c46a800 nmethod 316 0x000000000343dd50 code [0x000000000343dec0, 0x000000000343e188]
Event: 16.060 Thread 0x000000001c46a800  315       3       java.lang.Character::isSurrogate (18 bytes)
Event: 16.060 Thread 0x000000001c46a800 nmethod 315 0x0000000003441cd0 code [0x0000000003441e20, 0x0000000003441ff0]
Event: 16.060 Thread 0x000000001c46a800  318       3       java.lang.Character::codePointAtImpl (41 bytes)
Event: 16.061 Thread 0x000000001c46a800 nmethod 318 0x0000000003442050 code [0x00000000034421e0, 0x0000000003442670]
Event: 16.061 Thread 0x000000001c46a800  317       3       java.lang.String::codePointAt (36 bytes)
Event: 16.061 Thread 0x000000001c46a800 nmethod 317 0x0000000003442850 code [0x00000000034429e0, 0x0000000003442c78]

GC Heap History (0 events):
No events

Deoptimization events (0 events):
No events

Internal exceptions (8 events):
Event: 0.039 Thread 0x0000000003194000 Exception <a 'java/lang/NoSuchMethodError': Method sun.misc.Unsafe.defineClass(Ljava/lang/String;[BII)Ljava/lang/Class; name or signature does not match> (0x000000076db87cc0) thrown at [C:\re\workspace\8-2-build-windows-amd64-cygwin\jdk8u101\7261\hotspot\s{Ü¶À£?
Event: 0.039 Thread 0x0000000003194000 Exception <a 'java/lang/NoSuchMethodError': Method sun.misc.Unsafe.prefetchRead(Ljava/lang/Object;J)V name or signature does not match> (0x000000076db87fa8) thrown at [C:\re\workspace\8-2-build-windows-amd64-cygwin\jdk8u101\7261\hotspot\src\share\vm\prims\§á	äÄÔ?
Event: 0.325 Thread 0x0000000003194000 Exception <a 'java/security/PrivilegedActionException'> (0x000000076e028a80) thrown at [C:\re\workspace\8-2-build-windows-amd64-cygwin\jdk8u101\7261\hotspot\src\share\vm\prims\jvm.cpp, line 1386]
Event: 0.325 Thread 0x0000000003194000 Exception <a 'java/security/PrivilegedActionException'> (0x000000076e028c90) thrown at [C:\re\workspace\8-2-build-windows-amd64-cygwin\jdk8u101\7261\hotspot\src\share\vm\prims\jvm.cpp, line 1386]
Event: 0.325 Thread 0x0000000003194000 Exception <a 'java/security/PrivilegedActionException'> (0x000000076e02cb78) thrown at [C:\re\workspace\8-2-build-windows-amd64-cygwin\jdk8u101\7261\hotspot\src\share\vm\prims\jvm.cpp, line 1386]
Event: 0.325 Thread 0x0000000003194000 Exception <a 'java/security/PrivilegedActionException'> (0x000000076e02cd88) thrown at [C:\re\workspace\8-2-build-windows-amd64-cygwin\jdk8u101\7261\hotspot\src\share\vm\prims\jvm.cpp, line 1386]
Event: 4.916 Thread 0x0000000003194000 Exception <a 'java/lang/NoSuchFieldError': method resolution failed> (0x000000076e1bdab8) thrown at [C:\re\workspace\8-2-build-windows-amd64-cygwin\jdk8u101\7261\hotspot\src\share\vm\prims\methodHandles.cpp, line 1146]
Event: 4.923 Thread 0x0000000003194000 Exception <a 'java/lang/NoSuchFieldError': method resolution failed> (0x000000076e1cae98) thrown at [C:\re\workspace\8-2-build-windows-amd64-cygwin\jdk8u101\7261\hotspot\src\share\vm\prims\methodHandles.cpp, line 1146]

Events (10 events):
Event: 55.002 Executing VM operation: GetCurrentLocation
Event: 55.002 Executing VM operation: GetCurrentLocation done
Event: 55.002 Executing VM operation: EnterInterpOnlyMode
Event: 55.002 Executing VM operation: EnterInterpOnlyMode done
Event: 55.002 Executing VM operation: ChangeSingleStep
Event: 55.002 Executing VM operation: ChangeSingleStep done
Event: 55.002 Executing VM operation: ChangeSingleStep
Event: 55.002 Executing VM operation: ChangeSingleStep done
Event: 55.015 Executing VM operation: RedefineClasses
Event: 55.017 Executing VM operation: RedefineClasses done


Dynamic libraries:
0x00007ff709590000 - 0x00007ff7095c7000 	C:\Program Files\Java\jdk1.8.0_101\bin\javaw.exe
0x00007fff912c0000 - 0x00007fff9149b000 	C:\WINDOWS\SYSTEM32\ntdll.dll
0x00007fff90b40000 - 0x00007fff90bee000 	C:\WINDOWS\System32\KERNEL32.DLL
0x00007fff8da10000 - 0x00007fff8dc59000 	C:\WINDOWS\System32\KERNELBASE.dll
0x00007fff90d90000 - 0x00007fff90e31000 	C:\WINDOWS\System32\ADVAPI32.dll
0x00007fff90520000 - 0x00007fff905bd000 	C:\WINDOWS\System32\msvcrt.dll
0x00007fff90490000 - 0x00007fff904e9000 	C:\WINDOWS\System32\sechost.dll
0x00007fff90740000 - 0x00007fff90865000 	C:\WINDOWS\System32\RPCRT4.dll
0x00007fff8e970000 - 0x00007fff8eaba000 	C:\WINDOWS\System32\USER32.dll
0x00007fff8d9f0000 - 0x00007fff8da0e000 	C:\WINDOWS\System32\win32u.dll
0x00007fff904f0000 - 0x00007fff90517000 	C:\WINDOWS\System32\GDI32.dll
0x00007fff8dc60000 - 0x00007fff8dde8000 	C:\WINDOWS\System32\gdi32full.dll
0x00007fff8e610000 - 0x00007fff8e6aa000 	C:\WINDOWS\System32\msvcp_win.dll
0x00007fff8e700000 - 0x00007fff8e7f6000 	C:\WINDOWS\System32\ucrtbase.dll
0x00007fff77c20000 - 0x00007fff77e87000 	C:\WINDOWS\WinSxS\amd64_microsoft.windows.common-controls_6595b64144ccf1df_6.0.15063.483_none_26002d27e7c744a2\COMCTL32.dll
0x00007fff90e40000 - 0x00007fff91139000 	C:\WINDOWS\System32\combase.dll
0x00007fff8dea0000 - 0x00007fff8df0a000 	C:\WINDOWS\System32\bcryptPrimitives.dll
0x00007fff91290000 - 0x00007fff912bd000 	C:\WINDOWS\System32\IMM32.DLL
0x0000000059ab0000 - 0x0000000059b82000 	C:\Program Files\Java\jdk1.8.0_101\jre\bin\msvcr100.dll
0x0000000058660000 - 0x0000000058efa000 	C:\Program Files\Java\jdk1.8.0_101\jre\bin\server\jvm.dll
0x00007fff908b0000 - 0x00007fff908b8000 	C:\WINDOWS\System32\PSAPI.DLL
0x00007fff77bc0000 - 0x00007fff77bc9000 	C:\WINDOWS\SYSTEM32\WSOCK32.dll
0x00007fff90620000 - 0x00007fff9068c000 	C:\WINDOWS\System32\WS2_32.dll
0x00007fff85d50000 - 0x00007fff85d5a000 	C:\WINDOWS\SYSTEM32\VERSION.dll
0x00007fff83a20000 - 0x00007fff83a43000 	C:\WINDOWS\SYSTEM32\WINMM.dll
0x00007fff838a0000 - 0x00007fff838cb000 	C:\WINDOWS\SYSTEM32\WINMMBASE.dll
0x00007fff8e6b0000 - 0x00007fff8e6f9000 	C:\WINDOWS\System32\cfgmgr32.dll
0x0000000059f40000 - 0x0000000059f4f000 	C:\Program Files\Java\jdk1.8.0_101\jre\bin\verify.dll
0x0000000059f10000 - 0x0000000059f39000 	C:\Program Files\Java\jdk1.8.0_101\jre\bin\java.dll
0x0000000059ed0000 - 0x0000000059f05000 	C:\Program Files\Java\jdk1.8.0_101\jre\bin\jdwp.dll
0x0000000059aa0000 - 0x0000000059aa8000 	C:\Program Files\Java\jdk1.8.0_101\jre\bin\npt.dll
0x0000000059a80000 - 0x0000000059a96000 	C:\Program Files\Java\jdk1.8.0_101\jre\bin\zip.dll
0x00007fff8efc0000 - 0x00007fff903f6000 	C:\WINDOWS\System32\SHELL32.dll
0x00007fff90690000 - 0x00007fff9073a000 	C:\WINDOWS\System32\shcore.dll
0x00007fff8df10000 - 0x00007fff8e603000 	C:\WINDOWS\System32\windows.storage.dll
0x00007fff905c0000 - 0x00007fff90611000 	C:\WINDOWS\System32\shlwapi.dll
0x00007fff8d7a0000 - 0x00007fff8d7b1000 	C:\WINDOWS\System32\kernel.appcore.dll
0x00007fff8d730000 - 0x00007fff8d77c000 	C:\WINDOWS\System32\powrprof.dll
0x00007fff8d710000 - 0x00007fff8d725000 	C:\WINDOWS\System32\profapi.dll
0x0000000059a70000 - 0x0000000059a79000 	C:\Program Files\Java\jdk1.8.0_101\jre\bin\dt_socket.dll
0x00007fff6e3a0000 - 0x00007fff6e3b6000 	C:\WINDOWS\system32\napinsp.dll
0x00007fff6e350000 - 0x00007fff6e36a000 	C:\WINDOWS\system32\pnrpnsp.dll
0x00007fff8a7b0000 - 0x00007fff8a7c8000 	C:\WINDOWS\system32\NLAapi.dll
0x00007fff8d020000 - 0x00007fff8d07c000 	C:\WINDOWS\System32\mswsock.dll
0x00007fff8ce00000 - 0x00007fff8cea4000 	C:\WINDOWS\SYSTEM32\DNSAPI.dll
0x00007fff90480000 - 0x00007fff90488000 	C:\WINDOWS\System32\NSI.dll
0x00007fff8cdc0000 - 0x00007fff8cdf7000 	C:\WINDOWS\SYSTEM32\IPHLPAPI.DLL
0x00007fff6e290000 - 0x00007fff6e29e000 	C:\WINDOWS\System32\winrnr.dll
0x00007fff6dd30000 - 0x00007fff6dd45000 	C:\WINDOWS\System32\wshbth.dll
0x00007fff858d0000 - 0x00007fff8593b000 	C:\WINDOWS\System32\fwpuclnt.dll
0x00007fff8d2d0000 - 0x00007fff8d2f5000 	C:\WINDOWS\SYSTEM32\bcrypt.dll
0x00007fff85060000 - 0x00007fff8506a000 	C:\Windows\System32\rasadhlp.dll
0x00007fff85ba0000 - 0x00007fff85d49000 	C:\WINDOWS\SYSTEM32\dbghelp.dll

VM Arguments:
jvm_args: -agentlib:jdwp=transport=dt_socket,suspend=y,address=localhost:22329 -Dfile.encoding=Cp1252 
java_command: de.mk.elasticsearch.App
java_class_path (initial): C:\Users\Marco\git\fhm_LowLatencyAnalyticalProcessing\ElasticSearch\ElasticSearchImporter\target\classes;C:\Users\Marco\.m2\repository\com\sparkjava\spark-core\2.3\spark-core-2.3.jar;C:\Users\Marco\.m2\repository\org\slf4j\slf4j-api\1.7.12\slf4j-api-1.7.12.jar;C:\Users\Marco\.m2\repository\org\slf4j\slf4j-simple\1.7.12\slf4j-simple-1.7.12.jar;C:\Users\Marco\.m2\repository\org\eclipse\jetty\jetty-server\9.3.2.v20150730\jetty-server-9.3.2.v20150730.jar;C:\Users\Marco\.m2\repository\javax\servlet\javax.servlet-api\3.1.0\javax.servlet-api-3.1.0.jar;C:\Users\Marco\.m2\repository\org\eclipse\jetty\jetty-http\9.3.2.v20150730\jetty-http-9.3.2.v20150730.jar;C:\Users\Marco\.m2\repository\org\eclipse\jetty\jetty-util\9.3.2.v20150730\jetty-util-9.3.2.v20150730.jar;C:\Users\Marco\.m2\repository\org\eclipse\jetty\jetty-io\9.3.2.v20150730\jetty-io-9.3.2.v20150730.jar;C:\Users\Marco\.m2\repository\org\eclipse\jetty\jetty-webapp\9.3.2.v20150730\jetty-webapp-9.3.2.v20150730.jar;C:\Users\Marco\.m2\repository\org\eclipse\jetty\jetty-xml\9.3.2.v20150730\jetty-xml-9.3.2.v20150730.jar;C:\Users\Marco\.m2\repository\org\eclipse\jetty\jetty-servlet\9.3.2.v20150730\jetty-servlet-9.3.2.v20150730.jar;C:\Users\Marco\.m2\repository\org\eclipse\jetty\jetty-security\9.3.2.v20150730\jetty-security-9.3.2.v20150730.jar;C:\Users\Marco\.m2\repository\org\eclipse\jetty\websocket\websocket-server\9.3.2.v20150730\websocket-server-9.3.2.v20150730.jar;C:\Users\Marco\.m2\repository\org\eclipse\jetty\websocket\websocket-common\9.3.2.v20150730\websocket-common-9.3.2.v20150730.jar;C:\Users\Marco\.m2\repository\org\eclipse\jetty\websocket\websocket-client\9.3.2.v20150730\websocket-client-9.3.2.v20150730.jar;C:\Users\Marco\.m2\repository\org\eclipse\jetty\websocket\websocket-servlet\9.3.2.v20150730\websocket-servlet-9.3.2.v20150730.jar;C:\Users\Marco\.m2\repository\org\eclipse\jetty\websocket\websocket-api\9.3.2.v20150730\websocket-api-9.3.2.v20150730.jar;C:\Users\Marco\.m2\repository\
Launcher Type: SUN_STANDARD

Environment Variables:
JAVA_HOME=C:\Program Files\Java\jdk1.8.0_101
PATH=C:\Program Files\Java\jdk1.8.0_101\jre\bin;C:/Program Files/Java/jre1.8.0_131/bin/server;C:/Program Files/Java/jre1.8.0_131/bin;C:/Program Files/Java/jre1.8.0_131/lib/amd64;C:\Program Files\Docker\Docker\Resources\bin;C:\ProgramData\Oracle\Java\javapath;C:\Program Files (x86)\Intel\iCLS Client\;C:\Program Files\Intel\iCLS Client\;C:\WINDOWS\system32;C:\WINDOWS;C:\WINDOWS\System32\Wbem;C:\WINDOWS\System32\WindowsPowerShell\v1.0\;C:\Program Files (x86)\OpenSSH\bin;C:\Program Files\MySQL\MySQL Utilities 1.6\;C:\Users\Marco\apache-maven-3.3.9\bin;C:\Program Files\nodejs\;C:\Program Files\Microsoft SQL Server\120\Tools\Binn\;C:\Program Files\Microsoft SQL Server\130\Tools\Binn\;C:\Program Files (x86)\Windows Kits\10\Windows Performance Toolkit\;C:\WINDOWS\system32\config\systemprofile\.dnx\bin;C:\Program Files\Microsoft DNX\Dnvm\;C:\Program Files (x86)\Microsoft Emulator Manager\1.0\;C:\Program Files\Git\cmd;C:\Program Files\doxygen\bin;C:\Program Files\OpenVPN\bin;C:\Program Files (x86)\Skype\Phone\;C:\Program Files (x86)\Intel\Intel(R) Management Engine Components\DAL;C:\Program Files\Intel\Intel(R) Management Engine Components\DAL;C:\Program Files (x86)\Intel\Intel(R) Management Engine Components\IPT;C:\Program Files\Intel\Intel(R) Management Engine Components\IPT;C:\Program Files\Intel\WiFi\bin\;C:\Program Files\Common Files\Intel\WirelessCommon\;C:\Program Files\Intel\WiFi\bin\;C:\Program Files\Common Files\Intel\WirelessCommon\;C:\Users\Marco\AppData\Local\Microsoft\WindowsApps;C:\Users\Marco\apache-maven-3.3.9\bin;C:\Users\Marco\AppData\Roaming\npm;;C:\Program Files\eclipse-jee-neon-R-win32-x86_64\eclipse;
USERNAME=Marco
OS=Windows_NT
PROCESSOR_IDENTIFIER=Intel64 Family 6 Model 78 Stepping 3, GenuineIntel



---------------  S Y S T E M  ---------------

OS: Windows 10.0 , 64 bit Build 15063 (10.0.15063.296)

CPU:total 4 (2 cores per cpu, 2 threads per core) family 6 model 78 stepping 3, cmov, cx8, fxsr, mmx, sse, sse2, sse3, ssse3, sse4.1, sse4.2, popcnt, avx, avx2, aes, clmul, erms, 3dnowpref, lzcnt, ht, tsc, tscinvbit, bmi1, bmi2, adx

Memory: 4k page, physical 16178872k(9392504k free), swap 32431800k(22491096k free)

vm_info: Java HotSpot(TM) 64-Bit Server VM (25.101-b13) for windows-amd64 JRE (1.8.0_101-b13), built on Jun 22 2016 01:21:29 by "java_re" with MS VC++ 10.0 (VS2010)

time: Wed Oct 04 22:10:30 2017
elapsed time: 55 seconds (0d 0h 0m 55s)

